<?xml version="1.0" encoding="UTF-8"?>
<coverage generated="1704446497432" clover="3.2.0">
  <project timestamp="1704446497433" name="All files">
    <metrics statements="19" coveredstatements="19" conditionals="8" coveredconditionals="6" methods="3" coveredmethods="3" elements="30" coveredelements="28" complexity="0" loc="19" ncloc="19" packages="2" files="2" classes="2"/>
    <package name="game-components">
      <metrics statements="9" coveredstatements="9" conditionals="0" coveredconditionals="0" methods="1" coveredmethods="1"/>
      <file name="user.ts" path="D:\Programmieren\ZugUmZug\backend\src\game-components\user.ts">
        <metrics statements="9" coveredstatements="9" conditionals="0" coveredconditionals="0" methods="1" coveredmethods="1"/>
        <line num="4" count="1" type="stmt"/>
        <line num="5" count="4" type="stmt"/>
        <line num="6" count="4" type="stmt"/>
        <line num="7" count="4" type="stmt"/>
        <line num="10" count="4" type="stmt"/>
        <line num="11" count="4" type="stmt"/>
        <line num="12" count="4" type="stmt"/>
        <line num="16" count="1" type="stmt"/>
        <line num="22" count="1" type="stmt"/>
      </file>
    </package>
    <package name="utility-functions">
      <metrics statements="10" coveredstatements="10" conditionals="8" coveredconditionals="6" methods="2" coveredmethods="2"/>
      <file name="isEqual.ts" path="D:\Programmieren\ZugUmZug\backend\src\utility-functions\isEqual.ts">
        <metrics statements="10" coveredstatements="10" conditionals="8" coveredconditionals="6" methods="2" coveredmethods="2"/>
        <line num="1" count="1" type="stmt"/>
        <line num="2" count="8" type="stmt"/>
        <line num="3" count="8" type="stmt"/>
        <line num="4" count="8" type="stmt"/>
        <line num="5" count="8" type="cond" truecount="1" falsecount="0"/>
        <line num="6" count="5" type="cond" truecount="3" falsecount="1"/>
        <line num="7" count="5" type="cond" truecount="1" falsecount="0"/>
        <line num="8" count="3" type="cond" truecount="0" falsecount="1"/>
        <line num="9" count="5" type="cond" truecount="1" falsecount="0"/>
        <line num="12" count="4" type="stmt"/>
      </file>
    </package>
  </project>
</coverage>
