{"D:\\Programmieren\\ZugUmZug\\backend\\src\\game-components\\user.ts": {"path":"D:\\Programmieren\\ZugUmZug\\backend\\src\\game-components\\user.ts","statementMap":{"0":{"start":{"line":5,"column":2},"end":{"line":5,"column":20}},"1":{"start":{"line":6,"column":2},"end":{"line":6,"column":18}},"2":{"start":{"line":7,"column":2},"end":{"line":7,"column":26}},"3":{"start":{"line":10,"column":4},"end":{"line":10,"column":21}},"4":{"start":{"line":11,"column":4},"end":{"line":11,"column":17}},"5":{"start":{"line":12,"column":4},"end":{"line":12,"column":24}},"6":{"start":{"line":4,"column":0},"end":{"line":4,"column":21}},"7":{"start":{"line":16,"column":13},"end":{"line":20,"column":2}},"8":{"start":{"line":22,"column":13},"end":{"line":26,"column":2}}},"fnMap":{"0":{"name":"(anonymous_0)","decl":{"start":{"line":9,"column":2},"end":{"line":9,"column":14}},"loc":{"start":{"line":9,"column":38},"end":{"line":13,"column":3}}}},"branchMap":{},"s":{"0":4,"1":4,"2":4,"3":4,"4":4,"5":4,"6":1,"7":1,"8":1},"f":{"0":4},"b":{}}
,"D:\\Programmieren\\ZugUmZug\\backend\\src\\utility-functions\\isEqual.ts": {"path":"D:\\Programmieren\\ZugUmZug\\backend\\src\\utility-functions\\isEqual.ts","statementMap":{"0":{"start":{"line":2,"column":15},"end":{"line":2,"column":26}},"1":{"start":{"line":3,"column":15},"end":{"line":3,"column":26}},"2":{"start":{"line":4,"column":15},"end":{"line":4,"column":26}},"3":{"start":{"line":5,"column":2},"end":{"line":5,"column":33}},"4":{"start":{"line":5,"column":21},"end":{"line":5,"column":33}},"5":{"start":{"line":6,"column":2},"end":{"line":6,"column":61}},"6":{"start":{"line":6,"column":48},"end":{"line":6,"column":61}},"7":{"start":{"line":7,"column":2},"end":{"line":10,"column":3}},"8":{"start":{"line":8,"column":4},"end":{"line":8,"column":65}},"9":{"start":{"line":8,"column":52},"end":{"line":8,"column":65}},"10":{"start":{"line":9,"column":4},"end":{"line":9,"column":78}},"11":{"start":{"line":9,"column":34},"end":{"line":9,"column":63}},"12":{"start":{"line":9,"column":66},"end":{"line":9,"column":78}},"13":{"start":{"line":12,"column":2},"end":{"line":12,"column":15}},"14":{"start":{"line":1,"column":0},"end":{"line":1,"column":16}}},"fnMap":{"0":{"name":"isEqual","decl":{"start":{"line":1,"column":16},"end":{"line":1,"column":23}},"loc":{"start":{"line":1,"column":44},"end":{"line":13,"column":1}}},"1":{"name":"(anonymous_1)","decl":{"start":{"line":9,"column":25},"end":{"line":9,"column":26}},"loc":{"start":{"line":9,"column":34},"end":{"line":9,"column":63}}}},"branchMap":{"0":{"loc":{"start":{"line":5,"column":2},"end":{"line":5,"column":33}},"type":"if","locations":[{"start":{"line":5,"column":2},"end":{"line":5,"column":33}}]},"1":{"loc":{"start":{"line":6,"column":2},"end":{"line":6,"column":61}},"type":"if","locations":[{"start":{"line":6,"column":2},"end":{"line":6,"column":61}}]},"2":{"loc":{"start":{"line":6,"column":8},"end":{"line":6,"column":45}},"type":"binary-expr","locations":[{"start":{"line":6,"column":8},"end":{"line":6,"column":12}},{"start":{"line":6,"column":16},"end":{"line":6,"column":20}},{"start":{"line":6,"column":24},"end":{"line":6,"column":45}}]},"3":{"loc":{"start":{"line":7,"column":2},"end":{"line":10,"column":3}},"type":"if","locations":[{"start":{"line":7,"column":2},"end":{"line":10,"column":3}}]},"4":{"loc":{"start":{"line":8,"column":4},"end":{"line":8,"column":65}},"type":"if","locations":[{"start":{"line":8,"column":4},"end":{"line":8,"column":65}}]},"5":{"loc":{"start":{"line":9,"column":4},"end":{"line":9,"column":78}},"type":"if","locations":[{"start":{"line":9,"column":4},"end":{"line":9,"column":78}}]}},"s":{"0":8,"1":8,"2":8,"3":8,"4":3,"5":5,"6":0,"7":5,"8":3,"9":0,"10":3,"11":5,"12":1,"13":4,"14":1},"f":{"0":8,"1":5},"b":{"0":[3],"1":[0],"2":[5,5,5],"3":[3],"4":[0],"5":[1]}}
}
