TN:
SF:src\game-components\user.ts
FN:9,(anonymous_0)
FNF:1
FNH:1
FNDA:4,(anonymous_0)
DA:4,1
DA:5,4
DA:6,4
DA:7,4
DA:10,4
DA:11,4
DA:12,4
DA:16,1
DA:22,1
LF:9
LH:9
BRF:0
BRH:0
end_of_record
TN:
SF:src\utility-functions\isEqual.ts
FN:1,isEqual
FN:9,(anonymous_1)
FNF:2
FNH:2
FNDA:8,isEqual
FNDA:5,(anonymous_1)
DA:1,1
DA:2,8
DA:3,8
DA:4,8
DA:5,8
DA:6,5
DA:7,5
DA:8,3
DA:9,5
DA:12,4
LF:10
LH:10
BRDA:5,0,0,3
BRDA:6,1,0,0
BRDA:6,2,0,5
BRDA:6,2,1,5
BRDA:6,2,2,5
BRDA:7,3,0,3
BRDA:8,4,0,0
BRDA:9,5,0,1
BRF:8
BRH:6
end_of_record
